<?xml version='1.0'?>
<ns2:test-suite xmlns:ns2='urn:model.allure.qatools.yandex.ru' start='1611628952373' stop='1611629023057'>
    <name>case_01</name>
    <title>case_01</title>
    <test-cases>
        <test-case start='1611628952374' status='failed' stop='1611629023056'>
            <name>test_01</name>
            <title>test_01</title>
            <labels>
                <label name='language' value='javascript'/>
                <label name='framework' value='wdio'/>
                <label name='thread' value='0-1'/>
                <label name='feature' value='frist test'/>
            </labels>
            <parameters>
                <parameter kind='argument' name='device' value='CYRUS-14.1'/>
            </parameters>
            <steps/>
            <attachments/>
            <failure>
                <message>expected 1 to equal 2</message>
                <stack-trace>AssertionError: expected 1 to equal 2
                    at Context.&lt;anonymous> (/Users/cyrus.h/Desktop/AutoTest/js_auto_test/test/specs/Test.App.yamimeal.js:55:16)</stack-trace>
            </failure>
        </test-case>
    </test-cases>
</ns2:test-suite>