<?xml version='1.0'?>
<ns2:test-suite xmlns:ns2='urn:model.allure.qatools.yandex.ru' start='1612486080543' stop='1612486222212'>
    <name>case_01</name>
    <title>case_01</title>
    <test-cases>
        <test-case start='1612486080544' status='broken' stop='1612486091692'>
            <name>登录case</name>
            <title>登录case</title>
            <labels>
                <label name='language' value='javascript'/>
                <label name='framework' value='wdio'/>
                <label name='thread' value='0-1'/>
                <label name='feature' value='google登录测试'/>
            </labels>
            <parameters>
                <parameter kind='argument' name='device' value='iPhone 12 Pro-14.2'/>
            </parameters>
            <steps/>
            <attachments>
                <attachment title='Screenshot' source='6b03f6b6-dda0-4514-8d9f-d806c03e8640-attachment.png' type='image/png' size='825440'/>
            </attachments>
            <failure>
                <message>Can't call click on element with selector "-ios class chain:**/XCUIElementTypeWindow[1]/XCUIElementTypeOther[1]/XCUIElementTypeOther/XCUIElementTypeOther/XCUIElementTypeOther/XCUIElementTypeOther/XCUIElementTypeOther/XCUIElementTypeOther/XCUIElementTypeOther/XCUIElementTypeOther/XCUIElementTypeOther[1]/XCUIElementTypeOther[3]/XCUIElementTypeOther[3]" because element wasn't found</message>
                <stack-trace>Error: Can't call click on element with selector "-ios class chain:**/XCUIElementTypeWindow[1]/XCUIElementTypeOther[1]/XCUIElementTypeOther/XCUIElementTypeOther/XCUIElementTypeOther/XCUIElementTypeOther/XCUIElementTypeOther/XCUIElementTypeOther/XCUIElementTypeOther/XCUIElementTypeOther/XCUIElementTypeOther[1]/XCUIElementTypeOther[3]/XCUIElementTypeOther[3]" because element wasn't found
                    at yamimealLoginPage.clickGoogle (/Users/cyrus.h/Desktop/AutoTest/js_auto_test/test/testiOSYamimeal/test_Home/login.elements.js:9:29)
                    at Context.&lt;anonymous> (/Users/cyrus.h/Desktop/AutoTest/js_auto_test/test/specs/Test.App.yamimeal.js:11:19)</stack-trace>
            </failure>
        </test-case>
        <test-case start='1612486091692' status='broken' stop='1612486222210'>
            <name>对比结账金额</name>
            <title>对比结账金额</title>
            <labels>
                <label name='language' value='javascript'/>
                <label name='framework' value='wdio'/>
                <label name='thread' value='0-1'/>
                <label name='feature' value='frist test'/>
            </labels>
            <parameters>
                <parameter kind='argument' name='device' value='iPhone 12 Pro-14.2'/>
            </parameters>
            <steps/>
            <attachments>
                <attachment title='Screenshot' source='21662618-ba37-4c31-a160-44f24b72e965-attachment.png' type='image/png' size='1728037'/>
                <attachment title='Screenshot' source='9b7ad8f1-9095-4128-b1a8-3966f4b0e993-attachment.png' type='image/png' size='663983'/>
                <attachment title='Screenshot' source='18960c3e-9fb5-4a04-af1c-9cbe6d8b4b43-attachment.png' type='image/png' size='663983'/>
            </attachments>
            <failure>
                <message>Cannot read property 'getAttribute' of undefined</message>
                <stack-trace>TypeError: Cannot read property 'getAttribute' of undefined
                    at accountPage.payForDetail (/Users/cyrus.h/Desktop/AutoTest/js_auto_test/test/testiOSYamimeal/test_Home/account.element.js:114:43)
                    at Context.&lt;anonymous> (/Users/cyrus.h/Desktop/AutoTest/js_auto_test/test/specs/Test.App.yamimeal.js:95:29)</stack-trace>
            </failure>
        </test-case>
    </test-cases>
</ns2:test-suite>