<?xml version='1.0'?>
<ns2:test-suite xmlns:ns2='urn:model.allure.qatools.yandex.ru' start='1610607301411' stop='1610607301416'>
    <name>case_01</name>
    <title>case_01</title>
    <test-cases>
        <test-case start='1610607301412' status='failed' stop='1610607301415'>
            <name>test_01</name>
            <title>test_01</title>
            <labels>
                <label name='language' value='javascript'/>
                <label name='framework' value='wdio'/>
                <label name='thread' value='0-0'/>
                <label name='feature' value='frist test'/>
            </labels>
            <parameters>
                <parameter kind='argument' name='device' value='CYRUS-14.1'/>
            </parameters>
            <steps/>
            <attachments/>
            <failure>
                <message>不想打: expected 2 to equal 3</message>
                <stack-trace>AssertionError: 不想打: expected 2 to equal 3
                    at Context.&lt;anonymous> (/Users/cyrus.h/Desktop/AutoTest/js_auto_test/test/specs/Test.App.yamimeal.js:7:16)</stack-trace>
            </failure>
        </test-case>
    </test-cases>
</ns2:test-suite>