<?xml version='1.0'?>
<ns2:test-suite xmlns:ns2='urn:model.allure.qatools.yandex.ru' start='1612172007478' stop='1612173095749'>
    <name>case_01</name>
    <title>case_01</title>
    <test-cases>
        <test-case start='1612172007479' status='failed' stop='1612173095748'>
            <name>test_01</name>
            <title>test_01</title>
            <labels>
                <label name='language' value='javascript'/>
                <label name='framework' value='wdio'/>
                <label name='thread' value='0-1'/>
                <label name='feature' value='frist test'/>
            </labels>
            <parameters>
                <parameter kind='argument' name='device' value='CYRUS-14.1'/>
            </parameters>
            <steps/>
            <attachments>
                <attachment title='Screenshot' source='8318a5f4-5434-4fb3-a05c-643ef6dd85c8-attachment.png' type='image/png' size='959751'/>
                <attachment title='Screenshot' source='b8d006e1-39df-4e45-bffc-ce78e6ac60c7-attachment.png' type='image/png' size='343829'/>
                <attachment title='Screenshot' source='729feb2d-73f2-4e70-bc98-3fe43c90e703-attachment.png' type='image/png' size='343423'/>
            </attachments>
            <failure>
                <message>expected '308.50' to equal '210.22'</message>
                <stack-trace>AssertionError: expected '308.50' to equal '210.22'
                    at Context.&lt;anonymous> (/Users/cyrus.h/Desktop/AutoTest/js_auto_test/test/specs/Test.App.yamimeal.js:92:16)</stack-trace>
            </failure>
        </test-case>
    </test-cases>
</ns2:test-suite>